<?xml version="1.0" encoding="UTF-8"?>
<testng-results ignored="0" total="1" passed="1" failed="0" skipped="0">
  <reporter-output>
  </reporter-output>
  <suite started-at="2024-09-29T11:17:45 IST" name="Suite" finished-at="2024-09-29T11:17:52 IST" duration-ms="6410">
    <groups>
      <group name="cucumber">
        <method signature="AbstractTestNGCucumberTests.runScenario(io.cucumber.testng.PickleWrapper, io.cucumber.testng.FeatureWrapper)[pri:0, instance:fancode.tests.TestRunner@79924b]" name="runScenario" class="io.cucumber.testng.AbstractTestNGCucumberTests"/>
      </group> <!-- cucumber -->
    </groups>
    <test started-at="2024-09-29T11:17:45 IST" name="Test" finished-at="2024-09-29T11:17:52 IST" duration-ms="6410">
      <class name="fancode.tests.TestRunner">
        <test-method is-config="true" signature="setUpClass(org.testng.ITestContext)[pri:0, instance:fancode.tests.TestRunner@79924b]" started-at="2024-09-29T11:17:45 IST" name="setUpClass" finished-at="2024-09-29T11:17:46 IST" duration-ms="957" status="PASS">
          <params>
            <param index="0">
              <value>
                <![CDATA[org.testng.TestRunner@5c76fce4]]>
              </value>
            </param>
          </params>
          <reporter-output>
          </reporter-output>
        </test-method> <!-- setUpClass -->
        <test-method signature="runScenario(io.cucumber.testng.PickleWrapper, io.cucumber.testng.FeatureWrapper)[pri:0, instance:fancode.tests.TestRunner@79924b]" started-at="2024-09-29T11:17:46 IST" name="runScenario" description="Runs Cucumber Scenarios" data-provider="scenarios" finished-at="2024-09-29T11:17:51 IST" duration-ms="4830" status="PASS">
          <params>
            <param index="0">
              <value>
                <![CDATA["All users of the city FanCode should have more than half of their todos tasks completed"]]>
              </value>
            </param>
            <param index="1">
              <value>
                <![CDATA["Optional[Verify todos completion percentage for FanCode city users]"]]>
              </value>
            </param>
          </params>
          <reporter-output>
          </reporter-output>
        </test-method> <!-- runScenario -->
        <test-method is-config="true" signature="tearDownClass()[pri:0, instance:fancode.tests.TestRunner@79924b]" started-at="2024-09-29T11:17:51 IST" name="tearDownClass" finished-at="2024-09-29T11:17:52 IST" duration-ms="568" status="PASS">
          <reporter-output>
          </reporter-output>
        </test-method> <!-- tearDownClass -->
      </class> <!-- fancode.tests.TestRunner -->
    </test> <!-- Test -->
  </suite> <!-- Suite -->
</testng-results>
