<?xml version="1.0" encoding="UTF-8"?>
<testng-results ignored="0" total="1" passed="1" failed="0" skipped="0">
  <reporter-output>
  </reporter-output>
  <suite started-at="2024-09-28T14:17:10 IST" name="Suite" finished-at="2024-09-28T14:17:17 IST" duration-ms="6963">
    <groups>
      <group name="cucumber">
        <method signature="AbstractTestNGCucumberTests.runScenario(io.cucumber.testng.PickleWrapper, io.cucumber.testng.FeatureWrapper)[pri:0, instance:fancode.tests.TestRunner@5a63f509]" name="runScenario" class="io.cucumber.testng.AbstractTestNGCucumberTests"/>
      </group> <!-- cucumber -->
    </groups>
    <test started-at="2024-09-28T14:17:10 IST" name="Test" finished-at="2024-09-28T14:17:17 IST" duration-ms="6963">
      <class name="fancode.tests.TestRunner">
        <test-method is-config="true" signature="setUpClass(org.testng.ITestContext)[pri:0, instance:fancode.tests.TestRunner@5a63f509]" started-at="2024-09-28T14:17:10 IST" name="setUpClass" finished-at="2024-09-28T14:17:11 IST" duration-ms="1061" status="PASS">
          <params>
            <param index="0">
              <value>
                <![CDATA[org.testng.TestRunner@1235151c]]>
              </value>
            </param>
          </params>
          <reporter-output>
          </reporter-output>
        </test-method> <!-- setUpClass -->
        <test-method signature="runScenario(io.cucumber.testng.PickleWrapper, io.cucumber.testng.FeatureWrapper)[pri:0, instance:fancode.tests.TestRunner@5a63f509]" started-at="2024-09-28T14:17:11 IST" name="runScenario" description="Runs Cucumber Scenarios" data-provider="scenarios" finished-at="2024-09-28T14:17:17 IST" duration-ms="5711" status="PASS">
          <params>
            <param index="0">
              <value>
                <![CDATA["All users of the city FanCode should have more than half of their todos tasks completed"]]>
              </value>
            </param>
            <param index="1">
              <value>
                <![CDATA["Optional[Verify todos completion percentage for FanCode city users]"]]>
              </value>
            </param>
          </params>
          <reporter-output>
          </reporter-output>
        </test-method> <!-- runScenario -->
        <test-method is-config="true" signature="tearDownClass()[pri:0, instance:fancode.tests.TestRunner@5a63f509]" started-at="2024-09-28T14:17:17 IST" name="tearDownClass" finished-at="2024-09-28T14:17:17 IST" duration-ms="102" status="PASS">
          <reporter-output>
          </reporter-output>
        </test-method> <!-- tearDownClass -->
      </class> <!-- fancode.tests.TestRunner -->
    </test> <!-- Test -->
  </suite> <!-- Suite -->
</testng-results>
